<?xml version="1.0" encoding="UTF-8"?>
<!-- Generated by org.testng.reporters.JUnitXMLReporter -->
<testsuite hostname="DESKTOP-MD2112N" ignored="0" name="Default test" tests="2" failures="0" timestamp="2020-03-24T07:31:24 AEDT" time="73.299" errors="0">
  <testcase name="ApiDemoTest" time="38.745" classname="com.appiumframework.testcases.ApiDemoTestPageObject"/>
  <testcase name="ApiDemoTest" time="29.45" classname="com.appiumframework.testcases.ApiDemoTestPageObject"/>
</testsuite> <!-- Default test -->
