<?xml version="1.0" encoding="UTF-8"?>
<!-- Generated by org.testng.reporters.JUnitXMLReporter -->
<testsuite hostname="DESKTOP-MD2112N" ignored="1" name="Test" tests="4" failures="0" timestamp="2020-03-24T07:23:24 AEDT" time="160.427" errors="0">
  <testcase name="priceValidationTest" time="57.948" classname="com.appiumframework.testcases.ProductsPriceValidation"/>
  <testcase name="priceValidationTest" time="38.494" classname="com.appiumframework.testcases.ProductsPriceValidation"/>
  <testcase name="ApiDemoTest" time="29.504" classname="com.appiumframework.testcases.ApiDemoTestPageObject"/>
  <testcase name="ApiDemoTest" time="29.401" classname="com.appiumframework.testcases.ApiDemoTestPageObject"/>
  <testcase name="@BeforeTest KillAllNodesAndInitReport" time="0.0" classname="com.appiumframework.Base">
    <ignored/>
  </testcase> <!-- @BeforeTest KillAllNodesAndInitReport -->
</testsuite> <!-- Test -->
