<?xml version="1.0" encoding="UTF-8"?>
<!-- Generated by org.testng.reporters.JUnitXMLReporter -->
<testsuite hostname="DESKTOP-MD2112N" name="Test" tests="4" failures="0" timestamp="24 Mar 2020 00:15:27 GMT" time="139.752" errors="0">
  <testcase name="priceValidationTest" time="38.038" classname="com.appiumframework.testcases.ProductsPriceValidation"/>
  <testcase name="priceValidationTest" time="38.365" classname="com.appiumframework.testcases.ProductsPriceValidation"/>
  <testcase name="ApiDemoTest" time="29.108" classname="com.appiumframework.testcases.ApiDemoTestPageObject"/>
  <testcase name="ApiDemoTest" time="29.191" classname="com.appiumframework.testcases.ApiDemoTestPageObject"/>
</testsuite> <!-- Test -->
